2023-03-22T11:56:32+00:00 DEBUG tt4b_product_sync: missing access token for tt4b_product_sync
2023-03-22T11:56:32+00:00 DEBUG tt4b_product_sync: missing access token for tt4b_product_sync
2023-03-22T11:56:33+00:00 DEBUG tt4b_product_sync: missing access token for tt4b_product_sync
2023-03-22T11:56:33+00:00 DEBUG tt4b_product_sync: missing access token for tt4b_product_sync
2023-03-22T11:56:33+00:00 DEBUG tt4b_product_sync: missing access token for tt4b_product_sync
2023-03-22T11:56:33+00:00 DEBUG tt4b_product_sync: missing access token for tt4b_product_sync
2023-03-22T11:56:33+00:00 DEBUG tt4b_product_sync: missing access token for tt4b_product_sync
2023-03-22T11:56:33+00:00 DEBUG tt4b_product_sync: missing access token for tt4b_product_sync
2023-03-22T11:56:33+00:00 DEBUG tt4b_product_sync: missing access token for tt4b_product_sync
2023-03-22T11:56:33+00:00 DEBUG tt4b_product_sync: missing access token for tt4b_product_sync
2023-03-22T11:56:33+00:00 DEBUG tt4b_product_sync: missing access token for tt4b_product_sync
2023-03-22T11:56:33+00:00 DEBUG tt4b_product_sync: missing access token for tt4b_product_sync
2023-03-22T11:56:33+00:00 DEBUG tt4b_product_sync: missing access token for tt4b_product_sync
2023-03-22T11:56:33+00:00 DEBUG tt4b_product_sync: missing access token for tt4b_product_sync
2023-03-22T11:56:33+00:00 DEBUG tt4b_product_sync: missing access token for tt4b_product_sync
2023-03-22T11:56:33+00:00 DEBUG tt4b_product_sync: missing access token for tt4b_product_sync
2023-03-22T11:56:33+00:00 DEBUG tt4b_product_sync: missing access token for tt4b_product_sync
2023-03-22T11:56:34+00:00 DEBUG tt4b_product_sync: missing access token for tt4b_product_sync
2023-03-22T11:56:34+00:00 DEBUG tt4b_product_sync: missing access token for tt4b_product_sync
2023-03-22T11:56:34+00:00 DEBUG tt4b_product_sync: missing access token for tt4b_product_sync
2023-03-22T11:56:34+00:00 DEBUG tt4b_product_sync: missing access token for tt4b_product_sync
2023-03-22T11:56:34+00:00 DEBUG tt4b_product_sync: missing access token for tt4b_product_sync
2023-03-22T11:56:34+00:00 DEBUG tt4b_product_sync: missing access token for tt4b_product_sync
2023-03-22T11:56:34+00:00 DEBUG tt4b_product_sync: missing access token for tt4b_product_sync
2023-03-22T11:56:34+00:00 DEBUG tt4b_product_sync: missing access token for tt4b_product_sync
2023-03-22T11:56:34+00:00 DEBUG tt4b_product_sync: missing access token for tt4b_product_sync
2023-03-22T11:56:34+00:00 DEBUG tt4b_product_sync: missing access token for tt4b_product_sync
2023-03-22T11:56:34+00:00 DEBUG tt4b_product_sync: missing access token for tt4b_product_sync
2023-03-22T11:56:34+00:00 DEBUG tt4b_product_sync: missing access token for tt4b_product_sync
2023-03-22T11:56:34+00:00 DEBUG tt4b_product_sync: missing access token for tt4b_product_sync
2023-03-22T11:56:39+00:00 DEBUG tt4b_product_sync: missing access token for tt4b_product_sync
2023-03-22T11:56:44+00:00 DEBUG tt4b_product_sync: missing access token for tt4b_product_sync
2023-03-22T11:56:46+00:00 DEBUG tt4b_product_sync: missing access token for tt4b_product_sync
2023-03-22T11:56:53+00:00 DEBUG tt4b_product_sync: missing access token for tt4b_product_sync
2023-03-22T11:56:58+00:00 DEBUG tt4b_product_sync: missing access token for tt4b_product_sync
2023-03-22T11:57:01+00:00 DEBUG tt4b_product_sync: missing access token for tt4b_product_sync
2023-03-22T11:57:01+00:00 DEBUG tt4b_product_sync: missing access token for tt4b_product_sync
2023-03-22T11:57:01+00:00 DEBUG tt4b_product_sync: missing access token for tt4b_product_sync
2023-03-22T11:57:01+00:00 DEBUG tt4b_product_sync: missing access token for tt4b_product_sync
2023-03-22T11:57:01+00:00 DEBUG tt4b_product_sync: missing access token for tt4b_product_sync
2023-03-22T11:57:01+00:00 DEBUG tt4b_product_sync: missing access token for tt4b_product_sync
2023-03-22T11:57:01+00:00 DEBUG tt4b_product_sync: missing access token for tt4b_product_sync
2023-03-22T11:57:01+00:00 DEBUG tt4b_product_sync: missing access token for tt4b_product_sync
2023-03-22T11:57:01+00:00 DEBUG tt4b_product_sync: missing access token for tt4b_product_sync
2023-03-22T11:57:07+00:00 DEBUG tt4b_product_sync: missing access token for tt4b_product_sync
2023-03-22T11:57:11+00:00 DEBUG tt4b_product_sync: missing access token for tt4b_product_sync
2023-03-22T11:57:13+00:00 DEBUG tt4b_product_sync: missing access token for tt4b_product_sync
2023-03-22T11:57:15+00:00 DEBUG tt4b_product_sync: missing access token for tt4b_product_sync
2023-03-22T11:57:17+00:00 DEBUG tt4b_product_sync: missing access token for tt4b_product_sync
2023-03-22T11:57:19+00:00 DEBUG tt4b_product_sync: missing access token for tt4b_product_sync
2023-03-22T11:57:22+00:00 DEBUG tt4b_product_sync: missing access token for tt4b_product_sync
2023-03-22T11:57:22+00:00 DEBUG tt4b_product_sync: missing access token for tt4b_product_sync
2023-03-22T11:57:22+00:00 DEBUG tt4b_product_sync: missing access token for tt4b_product_sync
2023-03-22T11:57:22+00:00 DEBUG tt4b_product_sync: missing access token for tt4b_product_sync
2023-03-22T11:57:22+00:00 DEBUG tt4b_product_sync: missing access token for tt4b_product_sync
2023-03-22T11:57:22+00:00 DEBUG tt4b_product_sync: missing access token for tt4b_product_sync
2023-03-22T11:57:22+00:00 DEBUG tt4b_product_sync: missing access token for tt4b_product_sync
2023-03-22T11:57:22+00:00 DEBUG tt4b_product_sync: missing access token for tt4b_product_sync
2023-03-22T11:57:22+00:00 DEBUG tt4b_product_sync: missing access token for tt4b_product_sync
2023-03-22T11:57:22+00:00 DEBUG tt4b_product_sync: missing access token for tt4b_product_sync
2023-03-22T11:57:23+00:00 DEBUG tt4b_product_sync: missing access token for tt4b_product_sync
2023-03-22T11:57:23+00:00 DEBUG tt4b_product_sync: missing access token for tt4b_product_sync
2023-03-22T11:57:23+00:00 DEBUG tt4b_product_sync: missing access token for tt4b_product_sync
2023-03-22T11:57:23+00:00 DEBUG tt4b_product_sync: missing access token for tt4b_product_sync
2023-03-22T11:57:23+00:00 DEBUG tt4b_product_sync: missing access token for tt4b_product_sync
2023-03-22T11:57:23+00:00 DEBUG tt4b_product_sync: missing access token for tt4b_product_sync
2023-03-22T11:57:23+00:00 DEBUG tt4b_product_sync: missing access token for tt4b_product_sync
2023-03-22T11:57:23+00:00 DEBUG tt4b_product_sync: missing access token for tt4b_product_sync
2023-03-22T11:57:23+00:00 DEBUG tt4b_product_sync: missing access token for tt4b_product_sync
2023-03-22T11:57:23+00:00 DEBUG tt4b_product_sync: missing access token for tt4b_product_sync
2023-03-22T11:57:23+00:00 DEBUG tt4b_product_sync: missing access token for tt4b_product_sync
2023-03-22T11:57:23+00:00 DEBUG tt4b_product_sync: missing access token for tt4b_product_sync
2023-03-22T11:57:23+00:00 DEBUG tt4b_product_sync: missing access token for tt4b_product_sync
2023-03-22T11:57:24+00:00 DEBUG tt4b_product_sync: missing access token for tt4b_product_sync
2023-03-22T11:57:24+00:00 DEBUG tt4b_product_sync: missing access token for tt4b_product_sync
2023-03-22T11:57:25+00:00 DEBUG tt4b_product_sync: missing access token for tt4b_product_sync
2023-03-22T11:57:25+00:00 DEBUG tt4b_product_sync: missing access token for tt4b_product_sync
2023-03-22T11:57:25+00:00 DEBUG tt4b_product_sync: missing access token for tt4b_product_sync
2023-03-22T11:57:25+00:00 DEBUG tt4b_product_sync: missing access token for tt4b_product_sync
2023-03-22T11:57:27+00:00 DEBUG tt4b_product_sync: missing access token for tt4b_product_sync
2023-03-22T11:57:29+00:00 DEBUG tt4b_product_sync: missing access token for tt4b_product_sync
2023-03-22T11:57:31+00:00 DEBUG tt4b_product_sync: missing access token for tt4b_product_sync
2023-03-22T11:57:53+00:00 DEBUG Tt4b_Pixel_Class::inject_view_content_event: hit injectViewContentEvent
2023-03-22T11:57:53+00:00 DEBUG Tt4b_Pixel_Class::inject_view_content_event: Missing option "access_token"
2023-03-22T12:13:12+00:00 DEBUG Tt4b_Pixel_Class::inject_view_content_event: hit injectViewContentEvent
2023-03-22T12:13:12+00:00 DEBUG Tt4b_Pixel_Class::inject_view_content_event: Missing option "access_token"
2023-03-22T12:21:20+00:00 DEBUG Tt4b_Pixel_Class::inject_view_content_event: hit injectViewContentEvent
2023-03-22T12:21:20+00:00 DEBUG Tt4b_Pixel_Class::inject_view_content_event: Missing option "access_token"
2023-03-22T12:21:24+00:00 DEBUG Tt4b_Pixel_Class::inject_add_to_cart_event: hit injectAddToCartEvent
2023-03-22T12:21:24+00:00 DEBUG Tt4b_Pixel_Class::inject_add_to_cart_event: Missing option "access_token"
2023-03-22T12:21:24+00:00 DEBUG Tt4b_Pixel_Class::inject_view_content_event: hit injectViewContentEvent
2023-03-22T12:21:24+00:00 DEBUG Tt4b_Pixel_Class::inject_view_content_event: Missing option "access_token"
2023-03-22T12:21:37+00:00 DEBUG Tt4b_Pixel_Class::inject_start_checkout: hit injectStartCheckout
2023-03-22T12:21:37+00:00 DEBUG Tt4b_Pixel_Class::inject_start_checkout: Missing option "access_token"
2023-03-22T12:27:47+00:00 DEBUG Tt4b_Pixel_Class::inject_view_content_event: hit injectViewContentEvent
2023-03-22T12:27:47+00:00 DEBUG Tt4b_Pixel_Class::inject_view_content_event: Missing option "access_token"
